0 silly argv {
0 silly argv   _: [ 'publish' ],
0 silly argv   composed: 'publish',
0 silly argv   lernaVersion: '4.0.0',
0 silly argv   '$0': 'lerna'
0 silly argv }
1 notice cli v4.0.0
2 verbose rootPath /Users/zl/Desktop/lerna_demo
3 error JSONError: Unexpected token "/" (0x2F) in JSON at position 463 while parsing near "...hConfig\": {\n        // \"registry\": \"http..." in packages/util/package.json
3 error
3 error [0m [90m 18 |[39m     ][33m,[39m[0m
3 error [0m [90m 19 |[39m     [32m"publishConfig"[39m[33m:[39m {[0m
3 error [0m[31m[1m>[22m[39m[90m 20 |[39m         [90m// "registry": "https://registry.npmjs.org"[39m[0m
3 error [0m [90m    |[39m         [31m[1m^[22m[39m[0m
3 error [0m [90m 21 |[39m         [32m"access"[39m[33m:[39m [32m"public"[39m[0m
3 error [0m [90m 22 |[39m     }[33m,[39m[0m
3 error [0m [90m 23 |[39m     [32m"repository"[39m[33m:[39m {[0m
3 error
3 error     at parseJson (/usr/local/lib/node_modules/lerna/node_modules/parse-json/index.js:29:21)
3 error     at parse (/usr/local/lib/node_modules/lerna/node_modules/load-json-file/index.js:15:9)
3 error     at module.exports (/usr/local/lib/node_modules/lerna/node_modules/load-json-file/index.js:18:47)
